[2024-07-16 07:39:49Z INFO HostContext] No proxy settings were found based on environmental variables (http_proxy/https_proxy/HTTP_PROXY/HTTPS_PROXY)
[2024-07-16 07:39:49Z INFO HostContext] Well known directory 'Bin': 'D:\LAB01\CI\Continuous-integration-\actions-runner\bin'
[2024-07-16 07:39:49Z INFO HostContext] Well known directory 'Root': 'D:\LAB01\CI\Continuous-integration-\actions-runner'
[2024-07-16 07:39:49Z INFO HostContext] Well known config file 'Credentials': 'D:\LAB01\CI\Continuous-integration-\actions-runner\.credentials'
[2024-07-16 07:39:49Z INFO HostContext] Well known directory 'Bin': 'D:\LAB01\CI\Continuous-integration-\actions-runner\bin'
[2024-07-16 07:39:49Z INFO HostContext] Well known directory 'Root': 'D:\LAB01\CI\Continuous-integration-\actions-runner'
[2024-07-16 07:39:49Z INFO HostContext] Well known config file 'Runner': 'D:\LAB01\CI\Continuous-integration-\actions-runner\.runner'
[2024-07-16 07:39:49Z INFO Listener] Runner is built for Windows (X64) - win-x64.
[2024-07-16 07:39:49Z INFO Listener] RuntimeInformation: Microsoft Windows 10.0.22631.
[2024-07-16 07:39:49Z INFO Listener] Version: 2.317.0
[2024-07-16 07:39:49Z INFO Listener] Commit: 6dc005ee3690a0303e0d7269b6f60295d22dcfad
[2024-07-16 07:39:49Z INFO Listener] Culture: en-IL
[2024-07-16 07:39:49Z INFO Listener] UI Culture: en-US
[2024-07-16 07:39:49Z INFO HostContext] Well known directory 'Bin': 'D:\LAB01\CI\Continuous-integration-\actions-runner\bin'
[2024-07-16 07:39:49Z INFO HostContext] Well known directory 'Root': 'D:\LAB01\CI\Continuous-integration-\actions-runner'
[2024-07-16 07:39:49Z INFO Listener] Validating directory permissions for: 'D:\LAB01\CI\Continuous-integration-\actions-runner'
[2024-07-16 07:39:49Z INFO CommandLineParser] Parse
[2024-07-16 07:39:49Z INFO CommandLineParser] Parsing 1 args
[2024-07-16 07:39:49Z INFO CommandLineParser] parsing argument
[2024-07-16 07:39:49Z INFO CommandLineParser] HasArgs: False
[2024-07-16 07:39:49Z INFO CommandLineParser] Adding Command: run
[2024-07-16 07:39:49Z INFO Listener] Arguments parsed
[2024-07-16 07:39:49Z INFO Runner] ExecuteCommand
[2024-07-16 07:39:49Z INFO ConfigurationStore] currentAssemblyLocation: D:\LAB01\CI\Continuous-integration-\actions-runner\bin\Runner.Listener.dll
[2024-07-16 07:39:49Z INFO HostContext] Well known directory 'Bin': 'D:\LAB01\CI\Continuous-integration-\actions-runner\bin'
[2024-07-16 07:39:49Z INFO ConfigurationStore] binPath: D:\LAB01\CI\Continuous-integration-\actions-runner\bin
[2024-07-16 07:39:49Z INFO HostContext] Well known directory 'Bin': 'D:\LAB01\CI\Continuous-integration-\actions-runner\bin'
[2024-07-16 07:39:49Z INFO HostContext] Well known directory 'Root': 'D:\LAB01\CI\Continuous-integration-\actions-runner'
[2024-07-16 07:39:49Z INFO ConfigurationStore] RootFolder: D:\LAB01\CI\Continuous-integration-\actions-runner
[2024-07-16 07:39:49Z INFO HostContext] Well known directory 'Bin': 'D:\LAB01\CI\Continuous-integration-\actions-runner\bin'
[2024-07-16 07:39:49Z INFO HostContext] Well known directory 'Root': 'D:\LAB01\CI\Continuous-integration-\actions-runner'
[2024-07-16 07:39:49Z INFO HostContext] Well known config file 'Runner': 'D:\LAB01\CI\Continuous-integration-\actions-runner\.runner'
[2024-07-16 07:39:49Z INFO ConfigurationStore] ConfigFilePath: D:\LAB01\CI\Continuous-integration-\actions-runner\.runner
[2024-07-16 07:39:49Z INFO HostContext] Well known directory 'Bin': 'D:\LAB01\CI\Continuous-integration-\actions-runner\bin'
[2024-07-16 07:39:49Z INFO HostContext] Well known directory 'Root': 'D:\LAB01\CI\Continuous-integration-\actions-runner'
[2024-07-16 07:39:49Z INFO HostContext] Well known config file 'Credentials': 'D:\LAB01\CI\Continuous-integration-\actions-runner\.credentials'
[2024-07-16 07:39:49Z INFO ConfigurationStore] CredFilePath: D:\LAB01\CI\Continuous-integration-\actions-runner\.credentials
[2024-07-16 07:39:49Z INFO HostContext] Well known directory 'Bin': 'D:\LAB01\CI\Continuous-integration-\actions-runner\bin'
[2024-07-16 07:39:49Z INFO HostContext] Well known directory 'Root': 'D:\LAB01\CI\Continuous-integration-\actions-runner'
[2024-07-16 07:39:49Z INFO HostContext] Well known config file 'MigratedCredentials': 'D:\LAB01\CI\Continuous-integration-\actions-runner\.credentials_migrated'
[2024-07-16 07:39:49Z INFO ConfigurationStore] MigratedCredFilePath: D:\LAB01\CI\Continuous-integration-\actions-runner\.credentials_migrated
[2024-07-16 07:39:49Z INFO HostContext] Well known directory 'Bin': 'D:\LAB01\CI\Continuous-integration-\actions-runner\bin'
[2024-07-16 07:39:49Z INFO HostContext] Well known directory 'Root': 'D:\LAB01\CI\Continuous-integration-\actions-runner'
[2024-07-16 07:39:49Z INFO HostContext] Well known config file 'Service': 'D:\LAB01\CI\Continuous-integration-\actions-runner\.service'
[2024-07-16 07:39:49Z INFO ConfigurationStore] ServiceConfigFilePath: D:\LAB01\CI\Continuous-integration-\actions-runner\.service
[2024-07-16 07:39:49Z INFO CommandSettings] Flag 'help': 'False'
[2024-07-16 07:39:49Z INFO CommandSettings] Flag 'version': 'False'
[2024-07-16 07:39:49Z INFO CommandSettings] Flag 'commit': 'False'
[2024-07-16 07:39:49Z INFO CommandSettings] Flag 'check': 'False'
[2024-07-16 07:39:49Z INFO CommandSettings] Command 'configure': 'False'
[2024-07-16 07:39:49Z INFO CommandSettings] Command 'remove': 'False'
[2024-07-16 07:39:49Z INFO CommandSettings] Command 'warmup': 'False'
[2024-07-16 07:39:49Z INFO ConfigurationManager] LoadSettings
[2024-07-16 07:39:49Z INFO ConfigurationStore] IsConfigured()
[2024-07-16 07:39:49Z INFO ConfigurationStore] IsConfigured: True
[2024-07-16 07:39:49Z INFO ConfigurationManager] Is configured: True
[2024-07-16 07:39:49Z INFO ConfigurationStore] Read setting file: 315 chars
[2024-07-16 07:39:49Z INFO ConfigurationManager] Settings Loaded
[2024-07-16 07:39:49Z INFO ConfigurationStore] IsServiceConfigured()
[2024-07-16 07:39:49Z INFO ConfigurationStore] IsServiceConfigured: False
[2024-07-16 07:39:49Z INFO CommandSettings] Command 'run': 'True'
[2024-07-16 07:39:49Z INFO ConfigurationStore] IsConfigured()
[2024-07-16 07:39:49Z INFO ConfigurationStore] IsConfigured: True
[2024-07-16 07:39:49Z INFO ConfigurationManager] Is configured: True
[2024-07-16 07:39:49Z INFO Runner] Could not parse the argument value '' for StartupType. Defaulting to Manual
[2024-07-16 07:39:49Z INFO Runner] Set runner startup type - Manual
[2024-07-16 07:39:49Z INFO CommandSettings] Flag 'once': 'False'
[2024-07-16 07:39:49Z INFO CommandSettings] Flag 'once': 'False'
[2024-07-16 07:39:49Z INFO Runner] RunAsync
[2024-07-16 07:39:49Z INFO ConfigurationManager] LoadSettings
[2024-07-16 07:39:49Z INFO ConfigurationStore] IsConfigured()
[2024-07-16 07:39:49Z INFO ConfigurationStore] IsConfigured: True
[2024-07-16 07:39:49Z INFO ConfigurationManager] Is configured: True
[2024-07-16 07:39:49Z INFO ConfigurationManager] Settings Loaded
[2024-07-16 07:39:49Z INFO MessageListener] {
  "AgentId": 5,
  "AgentName": "local-runner",
  "PoolId": 1,
  "PoolName": "Default",
  "ServerUrl": "https://pipelinesghubeus7.actions.githubusercontent.com/R4afRCrXSTsZ6lYMCS8JH95c9OPy1y1vD4PYGVlqxFPmLDOlGG/",
  "GitHubUrl": "https://github.com/Gpsound/Continuous-integration-",
  "WorkFolder": "app"
}
[2024-07-16 07:39:49Z INFO MessageListener] Loading Credentials
[2024-07-16 07:39:49Z INFO ConfigurationStore] HasCredentials()
[2024-07-16 07:39:49Z INFO ConfigurationStore] stored True
[2024-07-16 07:39:49Z INFO CredentialManager] GetCredentialProvider
[2024-07-16 07:39:49Z INFO CredentialManager] Creating type OAuth
[2024-07-16 07:39:49Z INFO CredentialManager] Creating credential type: OAuth
[2024-07-16 07:39:49Z INFO HostContext] Well known directory 'Bin': 'D:\LAB01\CI\Continuous-integration-\actions-runner\bin'
[2024-07-16 07:39:49Z INFO HostContext] Well known directory 'Root': 'D:\LAB01\CI\Continuous-integration-\actions-runner'
[2024-07-16 07:39:49Z INFO HostContext] Well known config file 'RSACredentials': 'D:\LAB01\CI\Continuous-integration-\actions-runner\.credentials_rsaparams'
[2024-07-16 07:39:49Z INFO RSAEncryptedFileKeyManager] Loading RSA key parameters from file D:\LAB01\CI\Continuous-integration-\actions-runner\.credentials_rsaparams
[2024-07-16 07:39:49Z INFO MessageListener] Attempt to create session.
[2024-07-16 07:39:49Z INFO MessageListener] Connecting to the Runner Server...
[2024-07-16 07:39:49Z INFO RunnerServer] EstablishVssConnection
[2024-07-16 07:39:49Z INFO RunnerServer] Establish connection with 100 seconds timeout.
[2024-07-16 07:39:49Z INFO GitHubActionsService] Starting operation Location.GetConnectionData
[2024-07-16 07:39:49Z INFO RunnerServer] EstablishVssConnection
[2024-07-16 07:39:49Z INFO RunnerServer] Establish connection with 60 seconds timeout.
[2024-07-16 07:39:49Z INFO GitHubActionsService] Starting operation Location.GetConnectionData
[2024-07-16 07:39:49Z INFO RunnerServer] EstablishVssConnection
[2024-07-16 07:39:49Z INFO RunnerServer] Establish connection with 60 seconds timeout.
[2024-07-16 07:39:49Z INFO GitHubActionsService] Starting operation Location.GetConnectionData
[2024-07-16 07:39:50Z INFO GitHubActionsService] Finished operation Location.GetConnectionData
[2024-07-16 07:39:50Z INFO GitHubActionsService] Finished operation Location.GetConnectionData
[2024-07-16 07:39:50Z INFO GitHubActionsService] Finished operation Location.GetConnectionData
[2024-07-16 07:39:50Z INFO MessageListener] VssConnection created
[2024-07-16 07:39:50Z INFO Terminal] WRITE LINE: 
[2024-07-16 07:39:50Z INFO Terminal] WRITE LINE: 
[2024-07-16 07:39:50Z INFO RSAEncryptedFileKeyManager] Loading RSA key parameters from file D:\LAB01\CI\Continuous-integration-\actions-runner\.credentials_rsaparams
[2024-07-16 07:39:50Z INFO RSAEncryptedFileKeyManager] Loading RSA key parameters from file D:\LAB01\CI\Continuous-integration-\actions-runner\.credentials_rsaparams
[2024-07-16 07:39:50Z INFO GitHubActionsService] AAD Correlation ID for this token request: Unknown
[2024-07-16 07:39:51Z INFO MessageListener] Session created.
[2024-07-16 07:39:51Z INFO Terminal] WRITE LINE: Current runner version: '2.317.0'
[2024-07-16 07:39:51Z INFO Terminal] WRITE LINE: 2024-07-16 07:39:51Z: Listening for Jobs
[2024-07-16 07:39:51Z INFO JobDispatcher] Set runner/worker IPC timeout to 30 seconds.
[2024-07-16 07:39:51Z INFO MessageListener] BrokerMigration message received. Polling Broker for messages...
[2024-07-16 07:39:51Z INFO RSAEncryptedFileKeyManager] Loading RSA key parameters from file D:\LAB01\CI\Continuous-integration-\actions-runner\.credentials_rsaparams
[2024-07-16 07:39:51Z INFO GitHubActionsService] AAD Correlation ID for this token request: Unknown
[2024-07-16 07:40:42Z INFO MessageListener] BrokerMigration message received. Polling Broker for messages...
[2024-07-16 07:41:32Z INFO MessageListener] BrokerMigration message received. Polling Broker for messages...
[2024-07-16 07:42:22Z INFO MessageListener] BrokerMigration message received. Polling Broker for messages...
[2024-07-16 07:43:12Z INFO MessageListener] BrokerMigration message received. Polling Broker for messages...
[2024-07-16 07:44:03Z INFO MessageListener] BrokerMigration message received. Polling Broker for messages...
[2024-07-16 07:44:53Z INFO MessageListener] BrokerMigration message received. Polling Broker for messages...
[2024-07-16 07:45:43Z INFO MessageListener] BrokerMigration message received. Polling Broker for messages...
[2024-07-16 07:46:34Z INFO MessageListener] BrokerMigration message received. Polling Broker for messages...
[2024-07-16 07:47:24Z INFO MessageListener] BrokerMigration message received. Polling Broker for messages...
[2024-07-16 07:48:14Z INFO MessageListener] BrokerMigration message received. Polling Broker for messages...
[2024-07-16 07:49:05Z INFO MessageListener] BrokerMigration message received. Polling Broker for messages...
[2024-07-16 07:49:55Z INFO MessageListener] BrokerMigration message received. Polling Broker for messages...
[2024-07-16 07:50:45Z INFO MessageListener] BrokerMigration message received. Polling Broker for messages...
[2024-07-16 07:50:53Z INFO Terminal] WRITE LINE: Exiting...
[2024-07-16 07:50:53Z INFO ConfigurationStore] IsServiceConfigured()
[2024-07-16 07:50:53Z INFO ConfigurationStore] IsServiceConfigured: False
[2024-07-16 07:50:53Z INFO HostContext] Runner will be shutdown for UserCancelled
[2024-07-16 07:50:53Z WARN GitHubActionsService] GET request to https://broker.actions.githubusercontent.com/message?sessionId=1817517c-e479-40b3-a930-552b8752a383&status=Online&runnerVersion=2.317.0&os=Windows&architecture=X64&disableUpdate=false has been cancelled.
[2024-07-16 07:50:53Z ERR  BrokerServer] Catch exception during request
[2024-07-16 07:50:53Z ERR  BrokerServer] System.Threading.Tasks.TaskCanceledException: The operation was canceled.
 ---> System.IO.IOException: Unable to read data from the transport connection: The I/O operation has been aborted because of either a thread exit or an application request..
 ---> System.Net.Sockets.SocketException (995): The I/O operation has been aborted because of either a thread exit or an application request.
   --- End of inner exception stack trace ---
   at System.Net.Sockets.Socket.AwaitableSocketAsyncEventArgs.ThrowException(SocketError error, CancellationToken cancellationToken)
   at System.Net.Sockets.Socket.AwaitableSocketAsyncEventArgs.System.Threading.Tasks.Sources.IValueTaskSource<System.Int32>.GetResult(Int16 token)
   at System.Net.Security.SslStream.EnsureFullTlsFrameAsync[TIOAdapter](TIOAdapter adapter)
   at System.Net.Security.SslStream.ReadAsyncInternal[TIOAdapter](TIOAdapter adapter, Memory`1 buffer)
   at System.Net.Http.HttpConnection.SendAsyncCore(HttpRequestMessage request, Boolean async, CancellationToken cancellationToken)
   --- End of inner exception stack trace ---
   at System.Net.Http.HttpClient.HandleFailure(Exception e, Boolean telemetryStarted, HttpResponseMessage response, CancellationTokenSource cts, CancellationToken cancellationToken, CancellationTokenSource pendingRequestsCts)
   at System.Net.Http.HttpClient.<SendAsync>g__Core|83_0(HttpRequestMessage request, HttpCompletionOption completionOption, CancellationTokenSource cts, Boolean disposeCts, CancellationTokenSource pendingRequestsCts, CancellationToken originalCancellationToken)
   at Sdk.WebApi.WebApi.RawHttpClientBase.SendAsync(HttpRequestMessage message, HttpCompletionOption completionOption, Object userState, CancellationToken cancellationToken)
   at Sdk.WebApi.WebApi.RawHttpClientBase.SendAsync[T](HttpRequestMessage message, Object userState, CancellationToken cancellationToken)
   at Sdk.WebApi.WebApi.RawHttpClientBase.SendAsync[T](HttpMethod method, IEnumerable`1 additionalHeaders, Uri requestUri, HttpContent content, IEnumerable`1 queryParameters, Object userState, CancellationToken cancellationToken)
   at GitHub.Actions.RunService.WebApi.BrokerHttpClient.GetRunnerMessageAsync(Nullable`1 sessionId, String runnerVersion, Nullable`1 status, String os, String architecture, Nullable`1 disableUpdate, CancellationToken cancellationToken)
   at GitHub.Runner.Common.BrokerServer.<>c__DisplayClass7_0.<<GetRunnerMessageAsync>b__0>d.MoveNext()
--- End of stack trace from previous location ---
   at GitHub.Runner.Common.RunnerService.RetryRequest[T](Func`1 func, CancellationToken cancellationToken, Int32 maxRetryAttemptsCount, Func`2 shouldRetry)
[2024-07-16 07:50:53Z ERR  BrokerServer] #####################################################
[2024-07-16 07:50:53Z ERR  BrokerServer] System.IO.IOException: Unable to read data from the transport connection: The I/O operation has been aborted because of either a thread exit or an application request..
 ---> System.Net.Sockets.SocketException (995): The I/O operation has been aborted because of either a thread exit or an application request.
   --- End of inner exception stack trace ---
   at System.Net.Sockets.Socket.AwaitableSocketAsyncEventArgs.ThrowException(SocketError error, CancellationToken cancellationToken)
   at System.Net.Sockets.Socket.AwaitableSocketAsyncEventArgs.System.Threading.Tasks.Sources.IValueTaskSource<System.Int32>.GetResult(Int16 token)
   at System.Net.Security.SslStream.EnsureFullTlsFrameAsync[TIOAdapter](TIOAdapter adapter)
   at System.Net.Security.SslStream.ReadAsyncInternal[TIOAdapter](TIOAdapter adapter, Memory`1 buffer)
   at System.Net.Http.HttpConnection.SendAsyncCore(HttpRequestMessage request, Boolean async, CancellationToken cancellationToken)
[2024-07-16 07:50:53Z ERR  BrokerServer] #####################################################
[2024-07-16 07:50:53Z ERR  BrokerServer] System.Net.Sockets.SocketException (995): The I/O operation has been aborted because of either a thread exit or an application request.
[2024-07-16 07:50:53Z WARN BrokerServer] Back off 13.23 seconds before next retry. 4 attempt left.
[2024-07-16 07:50:53Z INFO MessageListener] Get next message has been cancelled.
[2024-07-16 07:50:53Z INFO JobDispatcher] Shutting down JobDispatcher. Make sure all WorkerDispatcher has finished.
[2024-07-16 07:50:53Z INFO Runner] Deleting Runner Session...
[2024-07-16 07:50:53Z INFO Listener] Runner execution been cancelled.
