[2024-07-16 07:52:14Z INFO HostContext] No proxy settings were found based on environmental variables (http_proxy/https_proxy/HTTP_PROXY/HTTPS_PROXY)
[2024-07-16 07:52:14Z INFO HostContext] Well known directory 'Bin': 'D:\LAB01\CI\Continuous-integration-\actions-runner\bin'
[2024-07-16 07:52:14Z INFO HostContext] Well known directory 'Root': 'D:\LAB01\CI\Continuous-integration-\actions-runner'
[2024-07-16 07:52:14Z INFO HostContext] Well known config file 'Credentials': 'D:\LAB01\CI\Continuous-integration-\actions-runner\.credentials'
[2024-07-16 07:52:14Z INFO HostContext] Well known directory 'Bin': 'D:\LAB01\CI\Continuous-integration-\actions-runner\bin'
[2024-07-16 07:52:14Z INFO HostContext] Well known directory 'Root': 'D:\LAB01\CI\Continuous-integration-\actions-runner'
[2024-07-16 07:52:14Z INFO HostContext] Well known config file 'Runner': 'D:\LAB01\CI\Continuous-integration-\actions-runner\.runner'
[2024-07-16 07:52:14Z INFO Listener] Runner is built for Windows (X64) - win-x64.
[2024-07-16 07:52:14Z INFO Listener] RuntimeInformation: Microsoft Windows 10.0.22631.
[2024-07-16 07:52:14Z INFO Listener] Version: 2.317.0
[2024-07-16 07:52:14Z INFO Listener] Commit: 6dc005ee3690a0303e0d7269b6f60295d22dcfad
[2024-07-16 07:52:14Z INFO Listener] Culture: en-IL
[2024-07-16 07:52:14Z INFO Listener] UI Culture: en-US
[2024-07-16 07:52:14Z INFO HostContext] Well known directory 'Bin': 'D:\LAB01\CI\Continuous-integration-\actions-runner\bin'
[2024-07-16 07:52:14Z INFO HostContext] Well known directory 'Root': 'D:\LAB01\CI\Continuous-integration-\actions-runner'
[2024-07-16 07:52:14Z INFO Listener] Validating directory permissions for: 'D:\LAB01\CI\Continuous-integration-\actions-runner'
[2024-07-16 07:52:14Z INFO CommandLineParser] Parse
[2024-07-16 07:52:14Z INFO CommandLineParser] Parsing 1 args
[2024-07-16 07:52:14Z INFO CommandLineParser] parsing argument
[2024-07-16 07:52:14Z INFO CommandLineParser] HasArgs: False
[2024-07-16 07:52:14Z INFO CommandLineParser] Adding Command: run
[2024-07-16 07:52:14Z INFO Listener] Arguments parsed
[2024-07-16 07:52:14Z INFO Runner] ExecuteCommand
[2024-07-16 07:52:14Z INFO ConfigurationStore] currentAssemblyLocation: D:\LAB01\CI\Continuous-integration-\actions-runner\bin\Runner.Listener.dll
[2024-07-16 07:52:14Z INFO HostContext] Well known directory 'Bin': 'D:\LAB01\CI\Continuous-integration-\actions-runner\bin'
[2024-07-16 07:52:14Z INFO ConfigurationStore] binPath: D:\LAB01\CI\Continuous-integration-\actions-runner\bin
[2024-07-16 07:52:14Z INFO HostContext] Well known directory 'Bin': 'D:\LAB01\CI\Continuous-integration-\actions-runner\bin'
[2024-07-16 07:52:14Z INFO HostContext] Well known directory 'Root': 'D:\LAB01\CI\Continuous-integration-\actions-runner'
[2024-07-16 07:52:14Z INFO ConfigurationStore] RootFolder: D:\LAB01\CI\Continuous-integration-\actions-runner
[2024-07-16 07:52:14Z INFO HostContext] Well known directory 'Bin': 'D:\LAB01\CI\Continuous-integration-\actions-runner\bin'
[2024-07-16 07:52:14Z INFO HostContext] Well known directory 'Root': 'D:\LAB01\CI\Continuous-integration-\actions-runner'
[2024-07-16 07:52:14Z INFO HostContext] Well known config file 'Runner': 'D:\LAB01\CI\Continuous-integration-\actions-runner\.runner'
[2024-07-16 07:52:14Z INFO ConfigurationStore] ConfigFilePath: D:\LAB01\CI\Continuous-integration-\actions-runner\.runner
[2024-07-16 07:52:14Z INFO HostContext] Well known directory 'Bin': 'D:\LAB01\CI\Continuous-integration-\actions-runner\bin'
[2024-07-16 07:52:14Z INFO HostContext] Well known directory 'Root': 'D:\LAB01\CI\Continuous-integration-\actions-runner'
[2024-07-16 07:52:14Z INFO HostContext] Well known config file 'Credentials': 'D:\LAB01\CI\Continuous-integration-\actions-runner\.credentials'
[2024-07-16 07:52:14Z INFO ConfigurationStore] CredFilePath: D:\LAB01\CI\Continuous-integration-\actions-runner\.credentials
[2024-07-16 07:52:14Z INFO HostContext] Well known directory 'Bin': 'D:\LAB01\CI\Continuous-integration-\actions-runner\bin'
[2024-07-16 07:52:14Z INFO HostContext] Well known directory 'Root': 'D:\LAB01\CI\Continuous-integration-\actions-runner'
[2024-07-16 07:52:14Z INFO HostContext] Well known config file 'MigratedCredentials': 'D:\LAB01\CI\Continuous-integration-\actions-runner\.credentials_migrated'
[2024-07-16 07:52:14Z INFO ConfigurationStore] MigratedCredFilePath: D:\LAB01\CI\Continuous-integration-\actions-runner\.credentials_migrated
[2024-07-16 07:52:14Z INFO HostContext] Well known directory 'Bin': 'D:\LAB01\CI\Continuous-integration-\actions-runner\bin'
[2024-07-16 07:52:14Z INFO HostContext] Well known directory 'Root': 'D:\LAB01\CI\Continuous-integration-\actions-runner'
[2024-07-16 07:52:14Z INFO HostContext] Well known config file 'Service': 'D:\LAB01\CI\Continuous-integration-\actions-runner\.service'
[2024-07-16 07:52:14Z INFO ConfigurationStore] ServiceConfigFilePath: D:\LAB01\CI\Continuous-integration-\actions-runner\.service
[2024-07-16 07:52:14Z INFO CommandSettings] Flag 'help': 'False'
[2024-07-16 07:52:14Z INFO CommandSettings] Flag 'version': 'False'
[2024-07-16 07:52:14Z INFO CommandSettings] Flag 'commit': 'False'
[2024-07-16 07:52:14Z INFO CommandSettings] Flag 'check': 'False'
[2024-07-16 07:52:14Z INFO CommandSettings] Command 'configure': 'False'
[2024-07-16 07:52:14Z INFO CommandSettings] Command 'remove': 'False'
[2024-07-16 07:52:14Z INFO CommandSettings] Command 'warmup': 'False'
[2024-07-16 07:52:14Z INFO ConfigurationManager] LoadSettings
[2024-07-16 07:52:14Z INFO ConfigurationStore] IsConfigured()
[2024-07-16 07:52:14Z INFO ConfigurationStore] IsConfigured: True
[2024-07-16 07:52:14Z INFO ConfigurationManager] Is configured: True
[2024-07-16 07:52:14Z INFO ConfigurationStore] Read setting file: 317 chars
[2024-07-16 07:52:14Z INFO ConfigurationManager] Settings Loaded
[2024-07-16 07:52:14Z INFO ConfigurationStore] IsServiceConfigured()
[2024-07-16 07:52:14Z INFO ConfigurationStore] IsServiceConfigured: False
[2024-07-16 07:52:14Z INFO CommandSettings] Command 'run': 'True'
[2024-07-16 07:52:14Z INFO ConfigurationStore] IsConfigured()
[2024-07-16 07:52:14Z INFO ConfigurationStore] IsConfigured: True
[2024-07-16 07:52:14Z INFO ConfigurationManager] Is configured: True
[2024-07-16 07:52:14Z INFO Runner] Could not parse the argument value '' for StartupType. Defaulting to Manual
[2024-07-16 07:52:14Z INFO Runner] Set runner startup type - Manual
[2024-07-16 07:52:14Z INFO CommandSettings] Flag 'once': 'False'
[2024-07-16 07:52:14Z INFO CommandSettings] Flag 'once': 'False'
[2024-07-16 07:52:14Z INFO Runner] RunAsync
[2024-07-16 07:52:14Z INFO ConfigurationManager] LoadSettings
[2024-07-16 07:52:14Z INFO ConfigurationStore] IsConfigured()
[2024-07-16 07:52:14Z INFO ConfigurationStore] IsConfigured: True
[2024-07-16 07:52:14Z INFO ConfigurationManager] Is configured: True
[2024-07-16 07:52:14Z INFO ConfigurationManager] Settings Loaded
[2024-07-16 07:52:14Z INFO MessageListener] {
  "AgentId": 6,
  "AgentName": "local-runner",
  "PoolId": 1,
  "PoolName": "Default",
  "ServerUrl": "https://pipelinesghubeus7.actions.githubusercontent.com/R4afRCrXSTsZ6lYMCS8JH95c9OPy1y1vD4PYGVlqxFPmLDOlGG/",
  "GitHubUrl": "https://github.com/Gpsound/Continuous-integration-",
  "WorkFolder": "_work"
}
[2024-07-16 07:52:14Z INFO MessageListener] Loading Credentials
[2024-07-16 07:52:14Z INFO ConfigurationStore] HasCredentials()
[2024-07-16 07:52:14Z INFO ConfigurationStore] stored True
[2024-07-16 07:52:14Z INFO CredentialManager] GetCredentialProvider
[2024-07-16 07:52:14Z INFO CredentialManager] Creating type OAuth
[2024-07-16 07:52:14Z INFO CredentialManager] Creating credential type: OAuth
[2024-07-16 07:52:14Z INFO HostContext] Well known directory 'Bin': 'D:\LAB01\CI\Continuous-integration-\actions-runner\bin'
[2024-07-16 07:52:14Z INFO HostContext] Well known directory 'Root': 'D:\LAB01\CI\Continuous-integration-\actions-runner'
[2024-07-16 07:52:14Z INFO HostContext] Well known config file 'RSACredentials': 'D:\LAB01\CI\Continuous-integration-\actions-runner\.credentials_rsaparams'
[2024-07-16 07:52:14Z INFO RSAEncryptedFileKeyManager] Loading RSA key parameters from file D:\LAB01\CI\Continuous-integration-\actions-runner\.credentials_rsaparams
[2024-07-16 07:52:14Z INFO MessageListener] Attempt to create session.
[2024-07-16 07:52:14Z INFO MessageListener] Connecting to the Runner Server...
[2024-07-16 07:52:14Z INFO RunnerServer] EstablishVssConnection
[2024-07-16 07:52:14Z INFO RunnerServer] Establish connection with 100 seconds timeout.
[2024-07-16 07:52:14Z INFO GitHubActionsService] Starting operation Location.GetConnectionData
[2024-07-16 07:52:14Z INFO RunnerServer] EstablishVssConnection
[2024-07-16 07:52:14Z INFO RunnerServer] Establish connection with 60 seconds timeout.
[2024-07-16 07:52:14Z INFO GitHubActionsService] Starting operation Location.GetConnectionData
[2024-07-16 07:52:14Z INFO RunnerServer] EstablishVssConnection
[2024-07-16 07:52:14Z INFO RunnerServer] Establish connection with 60 seconds timeout.
[2024-07-16 07:52:14Z INFO GitHubActionsService] Starting operation Location.GetConnectionData
[2024-07-16 07:52:15Z INFO GitHubActionsService] Finished operation Location.GetConnectionData
[2024-07-16 07:52:15Z INFO GitHubActionsService] Finished operation Location.GetConnectionData
[2024-07-16 07:52:15Z INFO GitHubActionsService] Finished operation Location.GetConnectionData
[2024-07-16 07:52:15Z INFO MessageListener] VssConnection created
[2024-07-16 07:52:15Z INFO Terminal] WRITE LINE: 
[2024-07-16 07:52:15Z INFO Terminal] WRITE LINE: 
[2024-07-16 07:52:15Z INFO RSAEncryptedFileKeyManager] Loading RSA key parameters from file D:\LAB01\CI\Continuous-integration-\actions-runner\.credentials_rsaparams
[2024-07-16 07:52:15Z INFO RSAEncryptedFileKeyManager] Loading RSA key parameters from file D:\LAB01\CI\Continuous-integration-\actions-runner\.credentials_rsaparams
[2024-07-16 07:52:16Z INFO GitHubActionsService] AAD Correlation ID for this token request: Unknown
[2024-07-16 07:52:16Z INFO MessageListener] Session created.
[2024-07-16 07:52:16Z INFO Terminal] WRITE LINE: Current runner version: '2.317.0'
[2024-07-16 07:52:16Z INFO Terminal] WRITE LINE: 2024-07-16 07:52:16Z: Listening for Jobs
[2024-07-16 07:52:16Z INFO JobDispatcher] Set runner/worker IPC timeout to 30 seconds.
[2024-07-16 07:52:16Z INFO MessageListener] BrokerMigration message received. Polling Broker for messages...
[2024-07-16 07:52:16Z INFO RSAEncryptedFileKeyManager] Loading RSA key parameters from file D:\LAB01\CI\Continuous-integration-\actions-runner\.credentials_rsaparams
[2024-07-16 07:52:16Z INFO GitHubActionsService] AAD Correlation ID for this token request: Unknown
[2024-07-16 07:53:07Z INFO MessageListener] BrokerMigration message received. Polling Broker for messages...
[2024-07-16 07:53:57Z INFO MessageListener] BrokerMigration message received. Polling Broker for messages...
[2024-07-16 07:54:47Z INFO MessageListener] BrokerMigration message received. Polling Broker for messages...
[2024-07-16 07:55:38Z INFO MessageListener] BrokerMigration message received. Polling Broker for messages...
[2024-07-16 07:56:28Z INFO MessageListener] BrokerMigration message received. Polling Broker for messages...
[2024-07-16 07:57:18Z INFO MessageListener] BrokerMigration message received. Polling Broker for messages...
[2024-07-16 07:57:39Z INFO MessageListener] Message '7685518957032375835' received from session 'abf23e90-ca3f-46f7-a1f6-667825850fcd'.
[2024-07-16 07:57:39Z INFO ConfigurationStore] HasCredentials()
[2024-07-16 07:57:39Z INFO ConfigurationStore] stored True
[2024-07-16 07:57:39Z INFO CredentialManager] GetCredentialProvider
[2024-07-16 07:57:39Z INFO CredentialManager] Creating type OAuth
[2024-07-16 07:57:39Z INFO CredentialManager] Creating credential type: OAuth
[2024-07-16 07:57:39Z INFO RSAEncryptedFileKeyManager] Loading RSA key parameters from file D:\LAB01\CI\Continuous-integration-\actions-runner\.credentials_rsaparams
[2024-07-16 07:57:39Z INFO ActionsRunServer] EstablishVssConnection
[2024-07-16 07:57:39Z INFO ActionsRunServer] Establish connection with 100 seconds timeout.
[2024-07-16 07:57:39Z INFO GitHubActionsService] Starting operation Location.GetConnectionData
[2024-07-16 07:57:39Z INFO GitHubActionsService] Finished operation Location.GetConnectionData
[2024-07-16 07:57:39Z INFO RSAEncryptedFileKeyManager] Loading RSA key parameters from file D:\LAB01\CI\Continuous-integration-\actions-runner\.credentials_rsaparams
[2024-07-16 07:57:39Z INFO RSAEncryptedFileKeyManager] Loading RSA key parameters from file D:\LAB01\CI\Continuous-integration-\actions-runner\.credentials_rsaparams
[2024-07-16 07:57:39Z INFO GitHubActionsService] AAD Correlation ID for this token request: Unknown
[2024-07-16 07:57:40Z INFO JobDispatcher] Job request 1 for plan 31ba34c1-8201-4f6d-a67b-96293e3eb355 job 7d6aaeeb-4779-5c2b-213a-5ba7bd60d622 received.
[2024-07-16 07:57:40Z INFO JobDispatcher] Pull OrchestrationId 31ba34c1-8201-4f6d-a67b-96293e3eb355.build-local-image.__default from JWT claims
[2024-07-16 07:57:40Z INFO MessageListener] Received job status event. JobState: Busy
[2024-07-16 07:57:40Z INFO MessageListener] _getMessagesTokenSource is already disposed.
[2024-07-16 07:57:40Z INFO Terminal] WRITE LINE: 2024-07-16 07:57:40Z: Running job: build-Local-Image
[2024-07-16 07:57:40Z INFO JobDispatcher] Start renew job request 1 for job 7d6aaeeb-4779-5c2b-213a-5ba7bd60d622.
[2024-07-16 07:57:40Z INFO JobDispatcher] Successfully renew job request 1, job is valid till 16/07/2024 08:07:39 AM
[2024-07-16 07:57:40Z INFO HostContext] Well known directory 'Bin': 'D:\LAB01\CI\Continuous-integration-\actions-runner\bin'
[2024-07-16 07:57:40Z INFO ProcessInvokerWrapper] Starting process:
[2024-07-16 07:57:40Z INFO ProcessInvokerWrapper]   File name: 'D:\LAB01\CI\Continuous-integration-\actions-runner\bin\Runner.Worker.exe'
[2024-07-16 07:57:40Z INFO ProcessInvokerWrapper]   Arguments: 'spawnclient 1640 2380'
[2024-07-16 07:57:40Z INFO ProcessInvokerWrapper]   Working directory: 'D:\LAB01\CI\Continuous-integration-\actions-runner\bin'
[2024-07-16 07:57:40Z INFO ProcessInvokerWrapper]   Require exit code zero: 'False'
[2024-07-16 07:57:40Z INFO ProcessInvokerWrapper]   Encoding web name:  ; code page: ''
[2024-07-16 07:57:40Z INFO ProcessInvokerWrapper]   Force kill process on cancellation: 'True'
[2024-07-16 07:57:40Z INFO ProcessInvokerWrapper]   Redirected STDIN: 'False'
[2024-07-16 07:57:40Z INFO ProcessInvokerWrapper]   Persist current code page: 'False'
[2024-07-16 07:57:40Z INFO ProcessInvokerWrapper]   Keep redirected STDIN open: 'False'
[2024-07-16 07:57:40Z INFO ProcessInvokerWrapper]   High priority process: 'True'
[2024-07-16 07:57:41Z INFO ProcessInvokerWrapper] Process started with process id 16948, waiting for process exit.
[2024-07-16 07:57:41Z INFO JobDispatcher] Send job request message to worker for job 7d6aaeeb-4779-5c2b-213a-5ba7bd60d622.
[2024-07-16 07:57:41Z INFO ProcessChannel] Sending message of length 24721, with hash 'ae03d37ce6d1f968e9d7966949adfe2d0b985f8432764cd24446b5e58d26f23c'
[2024-07-16 07:57:41Z INFO MessageListener] BrokerMigration message received. Polling Broker for messages...
[2024-07-16 07:57:41Z INFO JobNotification] Entering JobStarted Notification
[2024-07-16 07:57:41Z INFO JobNotification] Entering StartMonitor
[2024-07-16 07:57:53Z INFO ProcessInvokerWrapper] STDOUT/STDERR stream read finished.
[2024-07-16 07:57:53Z INFO ProcessInvokerWrapper] STDOUT/STDERR stream read finished.
[2024-07-16 07:57:53Z INFO ProcessInvokerWrapper] Finished process 16948 with exit code 102, and elapsed time 00:00:12.4135328.
[2024-07-16 07:57:53Z INFO JobDispatcher] Worker finished for job 7d6aaeeb-4779-5c2b-213a-5ba7bd60d622. Code: 102
[2024-07-16 07:57:53Z INFO JobDispatcher] finish job request for job 7d6aaeeb-4779-5c2b-213a-5ba7bd60d622 with result: Failed
[2024-07-16 07:57:53Z INFO Terminal] WRITE LINE: 2024-07-16 07:57:53Z: Job build-Local-Image completed with result: Failed
[2024-07-16 07:57:53Z INFO JobDispatcher] Stop renew job request for job 7d6aaeeb-4779-5c2b-213a-5ba7bd60d622.
[2024-07-16 07:57:53Z INFO JobDispatcher] job renew has been cancelled, stop renew job request 1.
[2024-07-16 07:57:53Z INFO JobNotification] Entering JobCompleted Notification
[2024-07-16 07:57:53Z INFO JobNotification] Entering EndMonitor
[2024-07-16 07:57:53Z INFO MessageListener] Received job status event. JobState: Online
[2024-07-16 07:58:31Z INFO MessageListener] BrokerMigration message received. Polling Broker for messages...
[2024-07-16 07:59:16Z INFO MessageListener] Message '2105927554379998310' received from session 'abf23e90-ca3f-46f7-a1f6-667825850fcd'.
[2024-07-16 07:59:16Z INFO ConfigurationStore] HasCredentials()
[2024-07-16 07:59:16Z INFO ConfigurationStore] stored True
[2024-07-16 07:59:16Z INFO CredentialManager] GetCredentialProvider
[2024-07-16 07:59:16Z INFO CredentialManager] Creating type OAuth
[2024-07-16 07:59:16Z INFO CredentialManager] Creating credential type: OAuth
[2024-07-16 07:59:16Z INFO RSAEncryptedFileKeyManager] Loading RSA key parameters from file D:\LAB01\CI\Continuous-integration-\actions-runner\.credentials_rsaparams
[2024-07-16 07:59:16Z INFO ActionsRunServer] EstablishVssConnection
[2024-07-16 07:59:16Z INFO ActionsRunServer] Establish connection with 100 seconds timeout.
[2024-07-16 07:59:16Z INFO GitHubActionsService] Starting operation Location.GetConnectionData
[2024-07-16 07:59:17Z INFO GitHubActionsService] Finished operation Location.GetConnectionData
[2024-07-16 07:59:17Z INFO RSAEncryptedFileKeyManager] Loading RSA key parameters from file D:\LAB01\CI\Continuous-integration-\actions-runner\.credentials_rsaparams
[2024-07-16 07:59:17Z INFO RSAEncryptedFileKeyManager] Loading RSA key parameters from file D:\LAB01\CI\Continuous-integration-\actions-runner\.credentials_rsaparams
[2024-07-16 07:59:17Z INFO GitHubActionsService] AAD Correlation ID for this token request: Unknown
[2024-07-16 07:59:18Z INFO JobDispatcher] Job request 2 for plan 54b2357a-534a-453f-ad14-1e495e12a5a6 job 7d6aaeeb-4779-5c2b-213a-5ba7bd60d622 received.
[2024-07-16 07:59:18Z INFO JobDispatcher] Pull OrchestrationId 54b2357a-534a-453f-ad14-1e495e12a5a6.build-local-image.__default from JWT claims
[2024-07-16 07:59:18Z INFO MessageListener] Received job status event. JobState: Busy
[2024-07-16 07:59:18Z INFO MessageListener] _getMessagesTokenSource is already disposed.
[2024-07-16 07:59:18Z INFO JobDispatcher] Job request 7d6aaeeb-4779-5c2b-213a-5ba7bd60d622 processed succeed.
[2024-07-16 07:59:18Z INFO Terminal] WRITE LINE: 2024-07-16 07:59:18Z: Running job: build-Local-Image
[2024-07-16 07:59:18Z INFO JobDispatcher] Start renew job request 2 for job 7d6aaeeb-4779-5c2b-213a-5ba7bd60d622.
[2024-07-16 07:59:18Z INFO JobDispatcher] Successfully renew job request 2, job is valid till 16/07/2024 08:09:17 AM
[2024-07-16 07:59:18Z INFO HostContext] Well known directory 'Bin': 'D:\LAB01\CI\Continuous-integration-\actions-runner\bin'
[2024-07-16 07:59:18Z INFO ProcessInvokerWrapper] Starting process:
[2024-07-16 07:59:18Z INFO ProcessInvokerWrapper]   File name: 'D:\LAB01\CI\Continuous-integration-\actions-runner\bin\Runner.Worker.exe'
[2024-07-16 07:59:18Z INFO ProcessInvokerWrapper]   Arguments: 'spawnclient 1784 1752'
[2024-07-16 07:59:18Z INFO ProcessInvokerWrapper]   Working directory: 'D:\LAB01\CI\Continuous-integration-\actions-runner\bin'
[2024-07-16 07:59:18Z INFO ProcessInvokerWrapper]   Require exit code zero: 'False'
[2024-07-16 07:59:18Z INFO ProcessInvokerWrapper]   Encoding web name:  ; code page: ''
[2024-07-16 07:59:18Z INFO ProcessInvokerWrapper]   Force kill process on cancellation: 'True'
[2024-07-16 07:59:18Z INFO ProcessInvokerWrapper]   Redirected STDIN: 'False'
[2024-07-16 07:59:18Z INFO ProcessInvokerWrapper]   Persist current code page: 'False'
[2024-07-16 07:59:18Z INFO ProcessInvokerWrapper]   Keep redirected STDIN open: 'False'
[2024-07-16 07:59:18Z INFO ProcessInvokerWrapper]   High priority process: 'True'
[2024-07-16 07:59:18Z INFO ProcessInvokerWrapper] Process started with process id 11452, waiting for process exit.
[2024-07-16 07:59:18Z INFO JobDispatcher] Send job request message to worker for job 7d6aaeeb-4779-5c2b-213a-5ba7bd60d622.
[2024-07-16 07:59:18Z INFO ProcessChannel] Sending message of length 24721, with hash '721ad2616f5dc3862076b9d59443075770365cf08c056725813ec17e9ecfe432'
[2024-07-16 07:59:18Z INFO JobNotification] Entering JobStarted Notification
[2024-07-16 07:59:18Z INFO JobNotification] Entering StartMonitor
[2024-07-16 07:59:19Z INFO MessageListener] BrokerMigration message received. Polling Broker for messages...
[2024-07-16 07:59:27Z INFO ProcessInvokerWrapper] STDOUT/STDERR stream read finished.
[2024-07-16 07:59:27Z INFO ProcessInvokerWrapper] STDOUT/STDERR stream read finished.
[2024-07-16 07:59:27Z INFO ProcessInvokerWrapper] Finished process 11452 with exit code 102, and elapsed time 00:00:08.4061803.
[2024-07-16 07:59:27Z INFO JobDispatcher] Worker finished for job 7d6aaeeb-4779-5c2b-213a-5ba7bd60d622. Code: 102
[2024-07-16 07:59:27Z INFO JobDispatcher] finish job request for job 7d6aaeeb-4779-5c2b-213a-5ba7bd60d622 with result: Failed
[2024-07-16 07:59:27Z INFO Terminal] WRITE LINE: 2024-07-16 07:59:27Z: Job build-Local-Image completed with result: Failed
[2024-07-16 07:59:27Z INFO JobDispatcher] Stop renew job request for job 7d6aaeeb-4779-5c2b-213a-5ba7bd60d622.
[2024-07-16 07:59:27Z INFO JobDispatcher] job renew has been cancelled, stop renew job request 2.
[2024-07-16 07:59:27Z INFO JobNotification] Entering JobCompleted Notification
[2024-07-16 07:59:27Z INFO JobNotification] Entering EndMonitor
[2024-07-16 07:59:27Z INFO MessageListener] Received job status event. JobState: Online
[2024-07-16 08:00:09Z INFO MessageListener] BrokerMigration message received. Polling Broker for messages...
[2024-07-16 08:00:59Z INFO MessageListener] BrokerMigration message received. Polling Broker for messages...
[2024-07-16 08:01:36Z INFO MessageListener] Message '6933220197117655893' received from session 'abf23e90-ca3f-46f7-a1f6-667825850fcd'.
[2024-07-16 08:01:36Z INFO ConfigurationStore] HasCredentials()
[2024-07-16 08:01:36Z INFO ConfigurationStore] stored True
[2024-07-16 08:01:36Z INFO CredentialManager] GetCredentialProvider
[2024-07-16 08:01:36Z INFO CredentialManager] Creating type OAuth
[2024-07-16 08:01:36Z INFO CredentialManager] Creating credential type: OAuth
[2024-07-16 08:01:36Z INFO RSAEncryptedFileKeyManager] Loading RSA key parameters from file D:\LAB01\CI\Continuous-integration-\actions-runner\.credentials_rsaparams
[2024-07-16 08:01:36Z INFO ActionsRunServer] EstablishVssConnection
[2024-07-16 08:01:36Z INFO ActionsRunServer] Establish connection with 100 seconds timeout.
[2024-07-16 08:01:36Z INFO GitHubActionsService] Starting operation Location.GetConnectionData
[2024-07-16 08:01:37Z INFO GitHubActionsService] Finished operation Location.GetConnectionData
[2024-07-16 08:01:37Z INFO RSAEncryptedFileKeyManager] Loading RSA key parameters from file D:\LAB01\CI\Continuous-integration-\actions-runner\.credentials_rsaparams
[2024-07-16 08:01:37Z INFO RSAEncryptedFileKeyManager] Loading RSA key parameters from file D:\LAB01\CI\Continuous-integration-\actions-runner\.credentials_rsaparams
[2024-07-16 08:01:37Z INFO GitHubActionsService] AAD Correlation ID for this token request: Unknown
[2024-07-16 08:01:37Z INFO JobDispatcher] Job request 3 for plan d1b0a99f-efa9-48f7-8c5b-0bdec136bbdc job 7d6aaeeb-4779-5c2b-213a-5ba7bd60d622 received.
[2024-07-16 08:01:37Z INFO JobDispatcher] Pull OrchestrationId d1b0a99f-efa9-48f7-8c5b-0bdec136bbdc.build-local-image.__default from JWT claims
[2024-07-16 08:01:37Z INFO MessageListener] Received job status event. JobState: Busy
[2024-07-16 08:01:37Z INFO MessageListener] _getMessagesTokenSource is already disposed.
[2024-07-16 08:01:37Z INFO JobDispatcher] Job request 7d6aaeeb-4779-5c2b-213a-5ba7bd60d622 processed succeed.
[2024-07-16 08:01:37Z INFO Terminal] WRITE LINE: 2024-07-16 08:01:37Z: Running job: build-Local-Image
[2024-07-16 08:01:37Z INFO JobDispatcher] Start renew job request 3 for job 7d6aaeeb-4779-5c2b-213a-5ba7bd60d622.
[2024-07-16 08:01:38Z INFO JobDispatcher] Successfully renew job request 3, job is valid till 16/07/2024 08:11:37 AM
[2024-07-16 08:01:38Z INFO HostContext] Well known directory 'Bin': 'D:\LAB01\CI\Continuous-integration-\actions-runner\bin'
[2024-07-16 08:01:38Z INFO ProcessInvokerWrapper] Starting process:
[2024-07-16 08:01:38Z INFO ProcessInvokerWrapper]   File name: 'D:\LAB01\CI\Continuous-integration-\actions-runner\bin\Runner.Worker.exe'
[2024-07-16 08:01:38Z INFO ProcessInvokerWrapper]   Arguments: 'spawnclient 1840 1472'
[2024-07-16 08:01:38Z INFO ProcessInvokerWrapper]   Working directory: 'D:\LAB01\CI\Continuous-integration-\actions-runner\bin'
[2024-07-16 08:01:38Z INFO ProcessInvokerWrapper]   Require exit code zero: 'False'
[2024-07-16 08:01:38Z INFO ProcessInvokerWrapper]   Encoding web name:  ; code page: ''
[2024-07-16 08:01:38Z INFO ProcessInvokerWrapper]   Force kill process on cancellation: 'True'
[2024-07-16 08:01:38Z INFO ProcessInvokerWrapper]   Redirected STDIN: 'False'
[2024-07-16 08:01:38Z INFO ProcessInvokerWrapper]   Persist current code page: 'False'
[2024-07-16 08:01:38Z INFO ProcessInvokerWrapper]   Keep redirected STDIN open: 'False'
[2024-07-16 08:01:38Z INFO ProcessInvokerWrapper]   High priority process: 'True'
[2024-07-16 08:01:38Z INFO ProcessInvokerWrapper] Process started with process id 24408, waiting for process exit.
[2024-07-16 08:01:38Z INFO JobDispatcher] Send job request message to worker for job 7d6aaeeb-4779-5c2b-213a-5ba7bd60d622.
[2024-07-16 08:01:38Z INFO ProcessChannel] Sending message of length 24949, with hash '59e42e78f28d77c1b1767a3fa86f9304a4ce0a64c9c0a38bf8817a323a2a1f13'
[2024-07-16 08:01:38Z INFO JobNotification] Entering JobStarted Notification
[2024-07-16 08:01:38Z INFO JobNotification] Entering StartMonitor
[2024-07-16 08:01:39Z INFO MessageListener] BrokerMigration message received. Polling Broker for messages...
[2024-07-16 08:01:55Z INFO ProcessInvokerWrapper] STDOUT/STDERR stream read finished.
[2024-07-16 08:01:55Z INFO ProcessInvokerWrapper] STDOUT/STDERR stream read finished.
[2024-07-16 08:01:55Z INFO ProcessInvokerWrapper] Finished process 24408 with exit code 102, and elapsed time 00:00:17.4352552.
[2024-07-16 08:01:55Z INFO JobDispatcher] Worker finished for job 7d6aaeeb-4779-5c2b-213a-5ba7bd60d622. Code: 102
[2024-07-16 08:01:55Z INFO JobDispatcher] finish job request for job 7d6aaeeb-4779-5c2b-213a-5ba7bd60d622 with result: Failed
[2024-07-16 08:01:55Z INFO Terminal] WRITE LINE: 2024-07-16 08:01:55Z: Job build-Local-Image completed with result: Failed
[2024-07-16 08:01:55Z INFO JobDispatcher] Stop renew job request for job 7d6aaeeb-4779-5c2b-213a-5ba7bd60d622.
[2024-07-16 08:01:55Z INFO JobDispatcher] job renew has been cancelled, stop renew job request 3.
[2024-07-16 08:01:55Z INFO JobNotification] Entering JobCompleted Notification
[2024-07-16 08:01:55Z INFO JobNotification] Entering EndMonitor
[2024-07-16 08:01:55Z INFO MessageListener] Received job status event. JobState: Online
[2024-07-16 08:02:13Z INFO MessageListener] Message '796296367406857702' received from session 'abf23e90-ca3f-46f7-a1f6-667825850fcd'.
[2024-07-16 08:02:13Z INFO ConfigurationStore] HasCredentials()
[2024-07-16 08:02:13Z INFO ConfigurationStore] stored True
[2024-07-16 08:02:13Z INFO CredentialManager] GetCredentialProvider
[2024-07-16 08:02:13Z INFO CredentialManager] Creating type OAuth
[2024-07-16 08:02:13Z INFO CredentialManager] Creating credential type: OAuth
[2024-07-16 08:02:13Z INFO RSAEncryptedFileKeyManager] Loading RSA key parameters from file D:\LAB01\CI\Continuous-integration-\actions-runner\.credentials_rsaparams
[2024-07-16 08:02:13Z INFO ActionsRunServer] EstablishVssConnection
[2024-07-16 08:02:13Z INFO ActionsRunServer] Establish connection with 100 seconds timeout.
[2024-07-16 08:02:13Z INFO GitHubActionsService] Starting operation Location.GetConnectionData
[2024-07-16 08:02:14Z INFO GitHubActionsService] Finished operation Location.GetConnectionData
[2024-07-16 08:02:14Z INFO RSAEncryptedFileKeyManager] Loading RSA key parameters from file D:\LAB01\CI\Continuous-integration-\actions-runner\.credentials_rsaparams
[2024-07-16 08:02:14Z INFO RSAEncryptedFileKeyManager] Loading RSA key parameters from file D:\LAB01\CI\Continuous-integration-\actions-runner\.credentials_rsaparams
[2024-07-16 08:02:14Z INFO GitHubActionsService] AAD Correlation ID for this token request: Unknown
[2024-07-16 08:02:14Z INFO JobDispatcher] Job request 4 for plan 4dc3ee69-37da-45e2-a95e-6bdb53ccd180 job 7d6aaeeb-4779-5c2b-213a-5ba7bd60d622 received.
[2024-07-16 08:02:14Z INFO JobDispatcher] Pull OrchestrationId 4dc3ee69-37da-45e2-a95e-6bdb53ccd180.build-local-image.__default from JWT claims
[2024-07-16 08:02:14Z INFO MessageListener] Received job status event. JobState: Busy
[2024-07-16 08:02:14Z INFO MessageListener] _getMessagesTokenSource is already disposed.
[2024-07-16 08:02:14Z INFO JobDispatcher] Job request 7d6aaeeb-4779-5c2b-213a-5ba7bd60d622 processed succeed.
[2024-07-16 08:02:14Z INFO Terminal] WRITE LINE: 2024-07-16 08:02:14Z: Running job: build-Local-Image
[2024-07-16 08:02:14Z INFO JobDispatcher] Start renew job request 4 for job 7d6aaeeb-4779-5c2b-213a-5ba7bd60d622.
[2024-07-16 08:02:14Z INFO JobDispatcher] Successfully renew job request 4, job is valid till 16/07/2024 08:12:13 AM
[2024-07-16 08:02:14Z INFO HostContext] Well known directory 'Bin': 'D:\LAB01\CI\Continuous-integration-\actions-runner\bin'
[2024-07-16 08:02:14Z INFO ProcessInvokerWrapper] Starting process:
[2024-07-16 08:02:14Z INFO ProcessInvokerWrapper]   File name: 'D:\LAB01\CI\Continuous-integration-\actions-runner\bin\Runner.Worker.exe'
[2024-07-16 08:02:14Z INFO ProcessInvokerWrapper]   Arguments: 'spawnclient 2508 2520'
[2024-07-16 08:02:14Z INFO ProcessInvokerWrapper]   Working directory: 'D:\LAB01\CI\Continuous-integration-\actions-runner\bin'
[2024-07-16 08:02:14Z INFO ProcessInvokerWrapper]   Require exit code zero: 'False'
[2024-07-16 08:02:14Z INFO ProcessInvokerWrapper]   Encoding web name:  ; code page: ''
[2024-07-16 08:02:14Z INFO ProcessInvokerWrapper]   Force kill process on cancellation: 'True'
[2024-07-16 08:02:14Z INFO ProcessInvokerWrapper]   Redirected STDIN: 'False'
[2024-07-16 08:02:14Z INFO ProcessInvokerWrapper]   Persist current code page: 'False'
[2024-07-16 08:02:14Z INFO ProcessInvokerWrapper]   Keep redirected STDIN open: 'False'
[2024-07-16 08:02:14Z INFO ProcessInvokerWrapper]   High priority process: 'True'
[2024-07-16 08:02:14Z INFO ProcessInvokerWrapper] Process started with process id 18464, waiting for process exit.
[2024-07-16 08:02:14Z INFO JobDispatcher] Send job request message to worker for job 7d6aaeeb-4779-5c2b-213a-5ba7bd60d622.
[2024-07-16 08:02:14Z INFO ProcessChannel] Sending message of length 24701, with hash '0f4c8cb18c98a339aaaa3c06d837553504c6083a94e74925a08902039bd28c8f'
[2024-07-16 08:02:16Z INFO MessageListener] BrokerMigration message received. Polling Broker for messages...
[2024-07-16 08:02:16Z INFO JobNotification] Entering JobStarted Notification
[2024-07-16 08:02:16Z INFO JobNotification] Entering StartMonitor
[2024-07-16 08:02:24Z INFO ProcessInvokerWrapper] STDOUT/STDERR stream read finished.
[2024-07-16 08:02:24Z INFO ProcessInvokerWrapper] STDOUT/STDERR stream read finished.
[2024-07-16 08:02:24Z INFO ProcessInvokerWrapper] Finished process 18464 with exit code 102, and elapsed time 00:00:09.8971117.
[2024-07-16 08:02:24Z INFO JobDispatcher] Worker finished for job 7d6aaeeb-4779-5c2b-213a-5ba7bd60d622. Code: 102
[2024-07-16 08:02:24Z INFO JobDispatcher] finish job request for job 7d6aaeeb-4779-5c2b-213a-5ba7bd60d622 with result: Failed
[2024-07-16 08:02:24Z INFO Terminal] WRITE LINE: 2024-07-16 08:02:24Z: Job build-Local-Image completed with result: Failed
[2024-07-16 08:02:24Z INFO JobDispatcher] Stop renew job request for job 7d6aaeeb-4779-5c2b-213a-5ba7bd60d622.
[2024-07-16 08:02:24Z INFO JobDispatcher] job renew has been cancelled, stop renew job request 4.
[2024-07-16 08:02:24Z INFO JobNotification] Entering JobCompleted Notification
[2024-07-16 08:02:24Z INFO JobNotification] Entering EndMonitor
[2024-07-16 08:02:24Z INFO MessageListener] Received job status event. JobState: Online
[2024-07-16 08:03:06Z INFO MessageListener] BrokerMigration message received. Polling Broker for messages...
[2024-07-16 08:03:56Z INFO MessageListener] BrokerMigration message received. Polling Broker for messages...
[2024-07-16 08:04:47Z INFO MessageListener] BrokerMigration message received. Polling Broker for messages...
