[2024-07-16 07:38:08Z INFO HostContext] No proxy settings were found based on environmental variables (http_proxy/https_proxy/HTTP_PROXY/HTTPS_PROXY)
[2024-07-16 07:38:08Z INFO HostContext] Well known directory 'Bin': 'D:\LAB01\CI\Continuous-integration-\actions-runner\bin'
[2024-07-16 07:38:08Z INFO HostContext] Well known directory 'Root': 'D:\LAB01\CI\Continuous-integration-\actions-runner'
[2024-07-16 07:38:08Z INFO HostContext] Well known config file 'Credentials': 'D:\LAB01\CI\Continuous-integration-\actions-runner\.credentials'
[2024-07-16 07:38:09Z INFO HostContext] Well known directory 'Bin': 'D:\LAB01\CI\Continuous-integration-\actions-runner\bin'
[2024-07-16 07:38:09Z INFO HostContext] Well known directory 'Root': 'D:\LAB01\CI\Continuous-integration-\actions-runner'
[2024-07-16 07:38:09Z INFO HostContext] Well known config file 'Runner': 'D:\LAB01\CI\Continuous-integration-\actions-runner\.runner'
[2024-07-16 07:38:09Z INFO Listener] Runner is built for Windows (X64) - win-x64.
[2024-07-16 07:38:09Z INFO Listener] RuntimeInformation: Microsoft Windows 10.0.22631.
[2024-07-16 07:38:09Z INFO Listener] Version: 2.317.0
[2024-07-16 07:38:09Z INFO Listener] Commit: 6dc005ee3690a0303e0d7269b6f60295d22dcfad
[2024-07-16 07:38:09Z INFO Listener] Culture: en-IL
[2024-07-16 07:38:09Z INFO Listener] UI Culture: en-US
[2024-07-16 07:38:09Z INFO HostContext] Well known directory 'Bin': 'D:\LAB01\CI\Continuous-integration-\actions-runner\bin'
[2024-07-16 07:38:09Z INFO HostContext] Well known directory 'Root': 'D:\LAB01\CI\Continuous-integration-\actions-runner'
[2024-07-16 07:38:09Z INFO Listener] Validating directory permissions for: 'D:\LAB01\CI\Continuous-integration-\actions-runner'
[2024-07-16 07:38:09Z INFO CommandLineParser] Parse
[2024-07-16 07:38:09Z INFO CommandLineParser] Parsing 3 args
[2024-07-16 07:38:09Z INFO CommandLineParser] parsing argument
[2024-07-16 07:38:09Z INFO CommandLineParser] HasArgs: False
[2024-07-16 07:38:09Z INFO CommandLineParser] Adding Command: remove
[2024-07-16 07:38:09Z INFO CommandLineParser] parsing argument
[2024-07-16 07:38:09Z INFO CommandLineParser] HasArgs: True
[2024-07-16 07:38:09Z INFO CommandLineParser] arg: token
[2024-07-16 07:38:09Z INFO CommandLineParser] parsing argument
[2024-07-16 07:38:09Z INFO CommandLineParser] HasArgs: True
[2024-07-16 07:38:09Z INFO CommandLineParser] Adding option 'token': '***'
[2024-07-16 07:38:09Z INFO Listener] Arguments parsed
[2024-07-16 07:38:09Z INFO Runner] ExecuteCommand
[2024-07-16 07:38:09Z INFO ConfigurationStore] currentAssemblyLocation: D:\LAB01\CI\Continuous-integration-\actions-runner\bin\Runner.Listener.dll
[2024-07-16 07:38:09Z INFO HostContext] Well known directory 'Bin': 'D:\LAB01\CI\Continuous-integration-\actions-runner\bin'
[2024-07-16 07:38:09Z INFO ConfigurationStore] binPath: D:\LAB01\CI\Continuous-integration-\actions-runner\bin
[2024-07-16 07:38:09Z INFO HostContext] Well known directory 'Bin': 'D:\LAB01\CI\Continuous-integration-\actions-runner\bin'
[2024-07-16 07:38:09Z INFO HostContext] Well known directory 'Root': 'D:\LAB01\CI\Continuous-integration-\actions-runner'
[2024-07-16 07:38:09Z INFO ConfigurationStore] RootFolder: D:\LAB01\CI\Continuous-integration-\actions-runner
[2024-07-16 07:38:09Z INFO HostContext] Well known directory 'Bin': 'D:\LAB01\CI\Continuous-integration-\actions-runner\bin'
[2024-07-16 07:38:09Z INFO HostContext] Well known directory 'Root': 'D:\LAB01\CI\Continuous-integration-\actions-runner'
[2024-07-16 07:38:09Z INFO HostContext] Well known config file 'Runner': 'D:\LAB01\CI\Continuous-integration-\actions-runner\.runner'
[2024-07-16 07:38:09Z INFO ConfigurationStore] ConfigFilePath: D:\LAB01\CI\Continuous-integration-\actions-runner\.runner
[2024-07-16 07:38:09Z INFO HostContext] Well known directory 'Bin': 'D:\LAB01\CI\Continuous-integration-\actions-runner\bin'
[2024-07-16 07:38:09Z INFO HostContext] Well known directory 'Root': 'D:\LAB01\CI\Continuous-integration-\actions-runner'
[2024-07-16 07:38:09Z INFO HostContext] Well known config file 'Credentials': 'D:\LAB01\CI\Continuous-integration-\actions-runner\.credentials'
[2024-07-16 07:38:09Z INFO ConfigurationStore] CredFilePath: D:\LAB01\CI\Continuous-integration-\actions-runner\.credentials
[2024-07-16 07:38:09Z INFO HostContext] Well known directory 'Bin': 'D:\LAB01\CI\Continuous-integration-\actions-runner\bin'
[2024-07-16 07:38:09Z INFO HostContext] Well known directory 'Root': 'D:\LAB01\CI\Continuous-integration-\actions-runner'
[2024-07-16 07:38:09Z INFO HostContext] Well known config file 'MigratedCredentials': 'D:\LAB01\CI\Continuous-integration-\actions-runner\.credentials_migrated'
[2024-07-16 07:38:09Z INFO ConfigurationStore] MigratedCredFilePath: D:\LAB01\CI\Continuous-integration-\actions-runner\.credentials_migrated
[2024-07-16 07:38:09Z INFO HostContext] Well known directory 'Bin': 'D:\LAB01\CI\Continuous-integration-\actions-runner\bin'
[2024-07-16 07:38:09Z INFO HostContext] Well known directory 'Root': 'D:\LAB01\CI\Continuous-integration-\actions-runner'
[2024-07-16 07:38:09Z INFO HostContext] Well known config file 'Service': 'D:\LAB01\CI\Continuous-integration-\actions-runner\.service'
[2024-07-16 07:38:09Z INFO ConfigurationStore] ServiceConfigFilePath: D:\LAB01\CI\Continuous-integration-\actions-runner\.service
[2024-07-16 07:38:09Z INFO CommandSettings] Flag 'help': 'False'
[2024-07-16 07:38:09Z INFO CommandSettings] Flag 'version': 'False'
[2024-07-16 07:38:09Z INFO CommandSettings] Flag 'commit': 'False'
[2024-07-16 07:38:09Z INFO CommandSettings] Flag 'check': 'False'
[2024-07-16 07:38:09Z INFO CommandSettings] Command 'configure': 'False'
[2024-07-16 07:38:09Z INFO CommandSettings] Command 'remove': 'True'
[2024-07-16 07:38:09Z INFO CommandSettings] Flag 'local': 'False'
[2024-07-16 07:38:09Z INFO ConfigurationStore] IsServiceConfigured()
[2024-07-16 07:38:09Z INFO ConfigurationStore] IsServiceConfigured: False
[2024-07-16 07:38:09Z INFO ConfigurationStore] IsConfigured()
[2024-07-16 07:38:09Z INFO ConfigurationStore] IsConfigured: True
[2024-07-16 07:38:09Z INFO ConfigurationStore] HasCredentials()
[2024-07-16 07:38:09Z INFO ConfigurationStore] stored True
[2024-07-16 07:38:09Z INFO ConfigurationStore] Read setting file: 322 chars
[2024-07-16 07:38:09Z INFO CommandSettings] Arg 'token': '***'
[2024-07-16 07:38:09Z INFO CommandSettings] Remove token from Arg dictionary.
[2024-07-16 07:38:09Z INFO ConfigurationManager] Http response code: OK from 'POST https://api.github.com/actions/runner-registration' (BB4F:1185AF:EE7C9AC:F186B87:66962360)
[2024-07-16 07:38:09Z INFO ConfigurationManager] cred retrieved via GitHub auth
[2024-07-16 07:38:09Z INFO RunnerServer] EstablishVssConnection
[2024-07-16 07:38:09Z INFO RunnerServer] Establish connection with 100 seconds timeout.
[2024-07-16 07:38:09Z INFO GitHubActionsService] Starting operation Location.GetConnectionData
[2024-07-16 07:38:09Z INFO RunnerServer] EstablishVssConnection
[2024-07-16 07:38:09Z INFO RunnerServer] Establish connection with 60 seconds timeout.
[2024-07-16 07:38:09Z INFO GitHubActionsService] Starting operation Location.GetConnectionData
[2024-07-16 07:38:09Z INFO RunnerServer] EstablishVssConnection
[2024-07-16 07:38:09Z INFO RunnerServer] Establish connection with 60 seconds timeout.
[2024-07-16 07:38:09Z INFO GitHubActionsService] Starting operation Location.GetConnectionData
[2024-07-16 07:38:10Z INFO GitHubActionsService] Finished operation Location.GetConnectionData
[2024-07-16 07:38:10Z INFO GitHubActionsService] Finished operation Location.GetConnectionData
[2024-07-16 07:38:10Z INFO GitHubActionsService] Finished operation Location.GetConnectionData
[2024-07-16 07:38:10Z INFO Terminal] WRITE LINE: 
[2024-07-16 07:38:10Z INFO ConfigurationStore] IsConfigured()
[2024-07-16 07:38:10Z INFO ConfigurationStore] IsConfigured: True
[2024-07-16 07:38:10Z INFO ConfigurationStore] HasCredentials()
[2024-07-16 07:38:10Z INFO ConfigurationStore] stored True
[2024-07-16 07:38:10Z INFO HostContext] Well known directory 'Bin': 'D:\LAB01\CI\Continuous-integration-\actions-runner\bin'
[2024-07-16 07:38:10Z INFO HostContext] Well known directory 'Root': 'D:\LAB01\CI\Continuous-integration-\actions-runner'
[2024-07-16 07:38:10Z INFO HostContext] Well known config file 'RSACredentials': 'D:\LAB01\CI\Continuous-integration-\actions-runner\.credentials_rsaparams'
[2024-07-16 07:38:10Z INFO RSAEncryptedFileKeyManager] Deleting RSA key parameters file D:\LAB01\CI\Continuous-integration-\actions-runner\.credentials_rsaparams
[2024-07-16 07:38:10Z INFO Terminal] WRITE LINE: 
[2024-07-16 07:38:10Z INFO Listener] Runner execution has finished with return code 0
